<?xml version="1.0" encoding="UTF-8"?>
<testsuite xmlns:xsi="http://www.w3.org/2001/XMLSchema-instance" xsi:noNamespaceSchemaLocation="https://maven.apache.org/surefire/maven-surefire-plugin/xsd/surefire-test-report.xsd" name="com.group3.test.MathUtilsTest" time="0.028" tests="4" errors="0" skipped="0" failures="0">
  <properties>
[...]
</properties>
  <testcase name="testRightArgumentAndReturnsGoodResult" classname="com.group3.test.MathUtilsTest" time="0.02"/>
  <testcase name="testRightArgumentAndReturnsGoodResult2" classname="com.group3.test.MathUtilsTest" time="0"/>
  <testcase name="testRightArgumentAndReturnsGoodResult3" classname="com.group3.test.MathUtilsTest" time="0.001"/>
  <testcase name="testRightArgumentAndReturnsGoodResult4" classname="com.group3.test.MathUtilsTest" time="0.001"/>
</testsuite>